<?xml version="1.0" encoding="UTF-8"?>
<testng-results skipped="0" failed="0" total="1" passed="1">
  <reporter-output>
  </reporter-output>
  <suite name="Suite" duration-ms="40637" started-at="2017-07-02T04:57:54Z" finished-at="2017-07-02T04:58:35Z">
    <groups>
    </groups>
    <test name="Test" duration-ms="40637" started-at="2017-07-02T04:57:54Z" finished-at="2017-07-02T04:58:35Z">
      <class name="testcases.ThirdTestCase">
        <test-method status="PASS" signature="setupTestSuite()[pri:0, instance:testcases.ThirdTestCase@385e9564]" name="setupTestSuite" is-config="true" duration-ms="646" started-at="2017-07-02T10:27:54Z" finished-at="2017-07-02T10:27:54Z">
          <reporter-output>
          </reporter-output>
        </test-method> <!-- setupTestSuite -->
        <test-method status="PASS" signature="startApplication(java.lang.String)[pri:0, instance:testcases.ThirdTestCase@385e9564]" name="startApplication" is-config="true" duration-ms="16315" started-at="2017-07-02T10:27:54Z" finished-at="2017-07-02T10:28:11Z">
          <params>
            <param index="0">
              <value>
                <![CDATA[Chrome]]>
              </value>
            </param>
          </params>
          <reporter-output>
          </reporter-output>
        </test-method> <!-- startApplication -->
        <test-method status="PASS" signature="selectProduct()[pri:0, instance:testcases.ThirdTestCase@385e9564]" name="selectProduct" duration-ms="19486" started-at="2017-07-02T10:28:11Z" finished-at="2017-07-02T10:28:30Z">
          <reporter-output>
          </reporter-output>
        </test-method> <!-- selectProduct -->
        <test-method status="PASS" signature="tearDownTest(org.testng.ITestResult)[pri:0, instance:testcases.ThirdTestCase@385e9564]" name="tearDownTest" is-config="true" duration-ms="1011" started-at="2017-07-02T10:28:30Z" finished-at="2017-07-02T10:28:31Z">
          <params>
            <param index="0">
              <value>
                <![CDATA[[TestResult name=selectProduct status=SUCCESS method=ThirdTestCase.selectProduct()[pri:0, instance:testcases.ThirdTestCase@385e9564] output={null}]]]>
              </value>
            </param>
          </params>
          <reporter-output>
          </reporter-output>
        </test-method> <!-- tearDownTest -->
        <test-method status="PASS" signature="closeAppication()[pri:0, instance:testcases.ThirdTestCase@385e9564]" name="closeAppication" is-config="true" duration-ms="3781" started-at="2017-07-02T10:28:31Z" finished-at="2017-07-02T10:28:35Z">
          <reporter-output>
          </reporter-output>
        </test-method> <!-- closeAppication -->
        <test-method status="PASS" signature="tearDowntestSuite()[pri:0, instance:testcases.ThirdTestCase@385e9564]" name="tearDowntestSuite" is-config="true" duration-ms="1926" started-at="2017-07-02T10:28:35Z" finished-at="2017-07-02T10:28:37Z">
          <reporter-output>
          </reporter-output>
        </test-method> <!-- tearDowntestSuite -->
      </class> <!-- testcases.ThirdTestCase -->
    </test> <!-- Test -->
  </suite> <!-- Suite -->
</testng-results>
